Success 
ren 201607141437059667.jpg PIC2001.jpg 
ren 201607141436243183.jpg PIC2002.jpg 
ren 201611281700221617 (2).jpg PIC2003.jpg 
ren 201611211439133212.jpg PIC2004.jpg 
ren 201612051509305038.jpg PIC2005.jpg 
ren 201611281700221617 (1).jpg PIC2006.jpg 
ren 201611281700221617.jpg PIC2007.jpg 
ren 201611281659078163.jpg PIC2008.jpg 
ren 201611211454465788.jpg PIC2009.jpg 
ren icon_clock.jpg PIC2010.jpg 
ren icon_chongzhi.jpg PIC2011.jpg 
ren icon_bendi.jpg PIC2012.jpg 
ren icon_jiudian.jpg PIC2013.jpg 
ren icon_jingdian.jpg PIC2014.jpg 
ren icon_tower.jpg PIC2015.jpg 
ren icon_wujin.jpg PIC2016.jpg 
ren icon_jiankang.jpg PIC2017.jpg 
ren icon_dianqi.jpg PIC2018.jpg 
ren icon_chufang.jpg PIC2019.jpg 
ren icon_shenghuo.jpg PIC2020.jpg 
ren icon_jiadian.jpg PIC2021.jpg 
ren icon_zhineng.jpg PIC2022.jpg 
ren icon_peijian.jpg PIC2023.jpg 
ren icon_bangong.jpg PIC2024.jpg 
ren icon_xiangji.jpg PIC2025.jpg 
ren icon_diannao.jpg PIC2026.jpg 
ren icon_shouji.jpg PIC2027.jpg 
ren icon_wanju.jpg PIC2028.jpg 
ren icon_niaobu.jpg PIC2029.jpg 
ren icon_yingyang.jpg PIC2030.jpg 
ren icon_xie.jpg PIC2031.jpg 
ren icon_mother.jpg PIC2032.jpg 
ren icon_naiping.jpg PIC2033.jpg 
ren icon_yizi.jpg PIC2034.jpg 
ren icon_xihu.jpg PIC2035.jpg 
ren icon_naifen.jpg PIC2036.jpg 
ren icon_car.jpg PIC2037.jpg 
ren icon_tub.jpg PIC2038.jpg 
ren icon_ball.jpg PIC2039.jpg 
ren icon_spin.jpg PIC2040.jpg 
ren icon_paper.jpg PIC2041.jpg 
ren icon_pan.jpg PIC2042.jpg 
ren icon_wash.jpg PIC2043.jpg 
ren icon_woman.jpg PIC2044.jpg 
ren icon_perfume.jpg PIC2045.jpg 
ren icon_man.jpg PIC2046.jpg 
ren icon_face.jpg PIC2047.jpg 
ren icon_brush.jpg PIC2048.jpg 
ren icon_beauty.jpg PIC2049.jpg 
ren icon_tooth.jpg PIC2050.jpg 
ren icon_medicine.jpg PIC2051.jpg 
ren icon_milk.jpg PIC2052.jpg 
ren icon_suger.jpg PIC2053.jpg 
ren icon_fruit.jpg PIC2054.jpg 
ren icon_beer.jpg PIC2055.jpg 
ren icon_fish.jpg PIC2056.jpg 
ren icon_rock.jpg PIC2057.jpg 
ren icon_oil.jpg PIC2058.jpg 
ren icon_gbmz.jpg PIC2059.jpg 
ren icon_gbsp.jpg PIC2060.jpg 
ren icon_jjry.jpg PIC2061.jpg 
ren icon_gbmy.jpg PIC2062.jpg 
Success 
